<?xml version="1.0" encoding="UTF-8"?>
<testsuite xmlns:xsi="http://www.w3.org/2001/XMLSchema-instance" xsi:noNamespaceSchemaLocation="https://maven.apache.org/surefire/maven-surefire-plugin/xsd/surefire-test-report-3.0.xsd" version="3.0" name="com.CoffeeApp.CoffeeApp.CoffeeAppApplicationTests" time="6.847" tests="1" errors="0" skipped="0" failures="0">
  <properties>
[...]
</properties>
  <testcase name="contextLoads" classname="com.CoffeeApp.CoffeeApp.CoffeeAppApplicationTests" time="1.847">
    <system-out><![CDATA[13:21:34.933 [main] INFO org.springframework.test.context.support.AnnotationConfigContextLoaderUtils -- Could not detect default configuration classes for test class [com.CoffeeApp.CoffeeApp.CoffeeAppApplicationTests]: CoffeeAppApplicationTests does not declare any static, non-private, non-final, nested classes annotated with @Configuration.
13:21:35.111 [main] INFO org.springframework.boot.test.context.SpringBootTestContextBootstrapper -- Found @SpringBootConfiguration com.CoffeeApp.CoffeeApp.CoffeeAppApplication for test class com.CoffeeApp.CoffeeApp.CoffeeAppApplicationTests

  .   ____          _            __ _ _
 /\\ / ___'_ __ _ _(_)_ __  __ _ \ \ \ \
( ( )\___ | '_ | '_| | '_ \/ _` | \ \ \ \
 \\/  ___)| |_)| | | | | || (_| |  ) ) ) )
  '  |____| .__|_| |_|_| |_\__, | / / / /
 =========|_|==============|___/=/_/_/_/

 :: Spring Boot ::                (v3.3.4)

2024-10-08T13:21:35.892+05:30  INFO 11348 --- [CoffeeApp] [           main] c.C.CoffeeApp.CoffeeAppApplicationTests  : Starting CoffeeAppApplicationTests using Java 17.0.12 with PID 11348 (started by tanma in C:\Users\tanma\Downloads\CoffeeApp\CoffeeApp)
2024-10-08T13:21:35.895+05:30  INFO 11348 --- [CoffeeApp] [           main] c.C.CoffeeApp.CoffeeAppApplicationTests  : No active profile set, falling back to 1 default profile: "default"
2024-10-08T13:21:37.247+05:30  INFO 11348 --- [CoffeeApp] [           main] .s.d.r.c.RepositoryConfigurationDelegate : Bootstrapping Spring Data MongoDB repositories in DEFAULT mode.
2024-10-08T13:21:37.285+05:30  INFO 11348 --- [CoffeeApp] [           main] .s.d.r.c.RepositoryConfigurationDelegate : Finished Spring Data repository scanning in 28 ms. Found 0 MongoDB repository interfaces.
2024-10-08T13:21:39.032+05:30  INFO 11348 --- [CoffeeApp] [tm5.mongodb.net] org.mongodb.driver.cluster               : Adding discovered server ac-vfhx5x9-shard-00-00.y2nmtm5.mongodb.net:27017 to client view of cluster
2024-10-08T13:21:39.096+05:30  INFO 11348 --- [CoffeeApp] [           main] org.mongodb.driver.client                : MongoClient with metadata {"driver": {"name": "mongo-java-driver|sync|spring-boot", "version": "5.0.1"}, "os": {"type": "Windows", "name": "Windows 11", "architecture": "amd64", "version": "10.0"}, "platform": "Java/JetBrains s.r.o./17.0.12+1-b1087.25"} created with settings MongoClientSettings{readPreference=primary, writeConcern=WriteConcern{w=majority, wTimeout=null ms, journal=null}, retryWrites=true, retryReads=true, readConcern=ReadConcern{level=null}, credential=MongoCredential{mechanism=null, userName='tanmay631', source='admin', password=<hidden>, mechanismProperties=<hidden>}, transportSettings=null, commandListeners=[], codecRegistry=ProvidersCodecRegistry{codecProviders=[ValueCodecProvider{}, BsonValueCodecProvider{}, DBRefCodecProvider{}, DBObjectCodecProvider{}, DocumentCodecProvider{}, CollectionCodecProvider{}, IterableCodecProvider{}, MapCodecProvider{}, GeoJsonCodecProvider{}, GridFSFileCodecProvider{}, Jsr310CodecProvider{}, JsonObjectCodecProvider{}, BsonCodecProvider{}, EnumCodecProvider{}, com.mongodb.client.model.mql.ExpressionCodecProvider@79ecc507, com.mongodb.Jep395RecordCodecProvider@6ef2f7ad, com.mongodb.KotlinCodecProvider@22d477c2]}, loggerSettings=LoggerSettings{maxDocumentLength=1000}, clusterSettings={hosts=[127.0.0.1:27017], srvHost=cluster0.y2nmtm5.mongodb.net, srvServiceName=mongodb, mode=MULTIPLE, requiredClusterType=REPLICA_SET, requiredReplicaSetName='atlas-pd7gvc-shard-0', serverSelector='null', clusterListeners='[]', serverSelectionTimeout='30000 ms', localThreshold='15 ms'}, socketSettings=SocketSettings{connectTimeoutMS=10000, readTimeoutMS=0, receiveBufferSize=0, proxySettings=ProxySettings{host=null, port=null, username=null, password=null}}, heartbeatSocketSettings=SocketSettings{connectTimeoutMS=10000, readTimeoutMS=10000, receiveBufferSize=0, proxySettings=ProxySettings{host=null, port=null, username=null, password=null}}, connectionPoolSettings=ConnectionPoolSettings{maxSize=100, minSize=0, maxWaitTimeMS=120000, maxConnectionLifeTimeMS=0, maxConnectionIdleTimeMS=0, maintenanceInitialDelayMS=0, maintenanceFrequencyMS=60000, connectionPoolListeners=[], maxConnecting=2}, serverSettings=ServerSettings{heartbeatFrequencyMS=10000, minHeartbeatFrequencyMS=500, serverListeners='[]', serverMonitorListeners='[]'}, sslSettings=SslSettings{enabled=true, invalidHostNameAllowed=false, context=null}, applicationName='null', compressorList=[], uuidRepresentation=JAVA_LEGACY, serverApi=null, autoEncryptionSettings=null, dnsClient=null, inetAddressResolver=null, contextProvider=null}
2024-10-08T13:21:39.111+05:30  INFO 11348 --- [CoffeeApp] [tm5.mongodb.net] org.mongodb.driver.cluster               : Adding discovered server ac-vfhx5x9-shard-00-01.y2nmtm5.mongodb.net:27017 to client view of cluster
2024-10-08T13:21:39.115+05:30  INFO 11348 --- [CoffeeApp] [tm5.mongodb.net] org.mongodb.driver.cluster               : Adding discovered server ac-vfhx5x9-shard-00-02.y2nmtm5.mongodb.net:27017 to client view of cluster
2024-10-08T13:21:39.624+05:30  INFO 11348 --- [CoffeeApp] [           main] c.C.CoffeeApp.CoffeeAppApplicationTests  : Started CoffeeAppApplicationTests in 4.221 seconds (process running for 6.26)
2024-10-08T13:21:40.750+05:30  INFO 11348 --- [CoffeeApp] [ngodb.net:27017] org.mongodb.driver.cluster               : Monitor thread successfully connected to server with description ServerDescription{address=ac-vfhx5x9-shard-00-00.y2nmtm5.mongodb.net:27017, type=REPLICA_SET_SECONDARY, state=CONNECTED, ok=true, minWireVersion=0, maxWireVersion=21, maxDocumentSize=16777216, logicalSessionTimeoutMinutes=30, roundTripTimeNanos=1075136900, setName='atlas-pd7gvc-shard-0', canonicalAddress=ac-vfhx5x9-shard-00-00.y2nmtm5.mongodb.net:27017, hosts=[ac-vfhx5x9-shard-00-00.y2nmtm5.mongodb.net:27017, ac-vfhx5x9-shard-00-02.y2nmtm5.mongodb.net:27017, ac-vfhx5x9-shard-00-01.y2nmtm5.mongodb.net:27017], passives=[], arbiters=[], primary='ac-vfhx5x9-shard-00-01.y2nmtm5.mongodb.net:27017', tagSet=TagSet{[Tag{name='availabilityZone', value='use1-az1'}, Tag{name='diskState', value='READY'}, Tag{name='nodeType', value='ELECTABLE'}, Tag{name='provider', value='AWS'}, Tag{name='region', value='US_EAST_1'}, Tag{name='workloadType', value='OPERATIONAL'}]}, electionId=null, setVersion=58, topologyVersion=TopologyVersion{processId=67029f83a10333504ad29055, counter=4}, lastWriteDate=Tue Oct 08 13:21:45 IST 2024, lastUpdateTimeNanos=6118908599300}
2024-10-08T13:21:40.750+05:30  INFO 11348 --- [CoffeeApp] [ngodb.net:27017] org.mongodb.driver.cluster               : Monitor thread successfully connected to server with description ServerDescription{address=ac-vfhx5x9-shard-00-01.y2nmtm5.mongodb.net:27017, type=REPLICA_SET_PRIMARY, state=CONNECTED, ok=true, minWireVersion=0, maxWireVersion=21, maxDocumentSize=16777216, logicalSessionTimeoutMinutes=30, roundTripTimeNanos=1092602900, setName='atlas-pd7gvc-shard-0', canonicalAddress=ac-vfhx5x9-shard-00-01.y2nmtm5.mongodb.net:27017, hosts=[ac-vfhx5x9-shard-00-00.y2nmtm5.mongodb.net:27017, ac-vfhx5x9-shard-00-02.y2nmtm5.mongodb.net:27017, ac-vfhx5x9-shard-00-01.y2nmtm5.mongodb.net:27017], passives=[], arbiters=[], primary='ac-vfhx5x9-shard-00-01.y2nmtm5.mongodb.net:27017', tagSet=TagSet{[Tag{name='availabilityZone', value='use1-az2'}, Tag{name='diskState', value='READY'}, Tag{name='nodeType', value='ELECTABLE'}, Tag{name='provider', value='AWS'}, Tag{name='region', value='US_EAST_1'}, Tag{name='workloadType', value='OPERATIONAL'}]}, electionId=7fffffff0000000000000185, setVersion=58, topologyVersion=TopologyVersion{processId=67029e61a1bb5f024a7d4044, counter=6}, lastWriteDate=Tue Oct 08 13:21:45 IST 2024, lastUpdateTimeNanos=6118909198100}
2024-10-08T13:21:40.759+05:30  INFO 11348 --- [CoffeeApp] [ngodb.net:27017] org.mongodb.driver.cluster               : Discovered replica set primary ac-vfhx5x9-shard-00-01.y2nmtm5.mongodb.net:27017 with max election id 7fffffff0000000000000185 and max set version 58
2024-10-08T13:21:40.906+05:30  INFO 11348 --- [CoffeeApp] [ngodb.net:27017] org.mongodb.driver.cluster               : Monitor thread successfully connected to server with description ServerDescription{address=ac-vfhx5x9-shard-00-02.y2nmtm5.mongodb.net:27017, type=REPLICA_SET_SECONDARY, state=CONNECTED, ok=true, minWireVersion=0, maxWireVersion=21, maxDocumentSize=16777216, logicalSessionTimeoutMinutes=30, roundTripTimeNanos=1252522700, setName='atlas-pd7gvc-shard-0', canonicalAddress=ac-vfhx5x9-shard-00-02.y2nmtm5.mongodb.net:27017, hosts=[ac-vfhx5x9-shard-00-00.y2nmtm5.mongodb.net:27017, ac-vfhx5x9-shard-00-02.y2nmtm5.mongodb.net:27017, ac-vfhx5x9-shard-00-01.y2nmtm5.mongodb.net:27017], passives=[], arbiters=[], primary='ac-vfhx5x9-shard-00-01.y2nmtm5.mongodb.net:27017', tagSet=TagSet{[Tag{name='availabilityZone', value='use1-az4'}, Tag{name='diskState', value='READY'}, Tag{name='nodeType', value='ELECTABLE'}, Tag{name='provider', value='AWS'}, Tag{name='region', value='US_EAST_1'}, Tag{name='workloadType', value='OPERATIONAL'}]}, electionId=null, setVersion=58, topologyVersion=TopologyVersion{processId=6702a169c9318058b8e27c8a, counter=3}, lastWriteDate=Tue Oct 08 13:21:45 IST 2024, lastUpdateTimeNanos=6119069227100}
]]></system-out>
  </testcase>
</testsuite>